-------------------------------------------------------------------------------
Test set: com.org.app.poc.itcares.HelloServiceTest
-------------------------------------------------------------------------------
Tests run: 2, Failures: 1, Errors: 0, Skipped: 0, Time elapsed: 15.877 s <<< FAILURE! - in com.org.app.poc.itcares.HelloServiceTest
credentialsTest  Time elapsed: 0.196 s  <<< FAILURE!
org.opentest4j.AssertionFailedError: expected: com.org.app.poc.itcares.bean.CredentialEntity@844f4d75<AdministrorEntity [id=Raju, firstName=password]> but was: com.org.app.poc.itcares.bean.CredentialEntity@72087615<AdministrorEntity [id=Raju, firstName=password]>
	at com.org.app.poc.itcares.HelloServiceTest.credentialsTest(HelloServiceTest.java:74)

